<?xml version="1.0" encoding="UTF-8"?>
<!-- Generated by org.testng.reporters.JUnitXMLReporter -->
<testsuite ignored="0" hostname="Zaker" failures="0" tests="5" name="Default test" time="0.778" errors="0" timestamp="2024-02-15T16:33:06 IST">
  <testcase classname="Automation_Practice.Test.DataProviderExample" name="login" time="0.009"/>
  <testcase classname="Automation_Practice.Test.DataProviderExample" name="login" time="0.002"/>
  <testcase classname="Automation_Practice.Test.DataProviderExample" name="login" time="0.001"/>
  <testcase classname="Automation_Practice.Test.DataProviderExample" name="login" time="0.0"/>
  <testcase classname="Automation_Practice.Test.DataProviderExample" name="login" time="0.001"/>
</testsuite> <!-- Default test -->
