<?xml version="1.0" encoding="UTF-8"?>
<testng-results ignored="0" total="2" passed="2" failed="0" skipped="0">
  <reporter-output>
  </reporter-output>
  <suite started-at="2024-02-21T10:46:08 IST" name="zaker" finished-at="2024-02-21T10:46:08 IST" duration-ms="44">
    <groups>
    </groups>
    <test started-at="2024-02-21T10:46:08 IST" name="zakertest" finished-at="2024-02-21T10:46:08 IST" duration-ms="44">
      <class name="Automation_Practice.Test.TestNg1">
        <test-method signature="m1()[pri:0, instance:Automation_Practice.Test.TestNg1@6069db50]" started-at="2024-02-21T10:46:08 IST" name="m1" finished-at="2024-02-21T10:46:08 IST" duration-ms="6" status="PASS">
          <reporter-output>
          </reporter-output>
        </test-method> <!-- m1 -->
        <test-method signature="m2()[pri:0, instance:Automation_Practice.Test.TestNg1@6069db50]" started-at="2024-02-21T10:46:08 IST" name="m2" finished-at="2024-02-21T10:46:08 IST" duration-ms="1" status="PASS">
          <reporter-output>
          </reporter-output>
        </test-method> <!-- m2 -->
      </class> <!-- Automation_Practice.Test.TestNg1 -->
    </test> <!-- zakertest -->
  </suite> <!-- zaker -->
</testng-results>
